<?xml version="1.0" encoding="UTF-8"?>
<testsuite name="memory.MemoryFinderTest" tests="1" skipped="0" failures="0" errors="0" timestamp="2023-03-21T14:11:41" hostname="Macintoshui-MacBookPro.local" time="0.133">
  <properties/>
  <testcase name="get()" classname="memory.MemoryFinderTest" time="0.133"/>
  <system-out><![CDATA[]]></system-out>
  <system-err><![CDATA[]]></system-err>
</testsuite>
